# JRE version: OpenJDK Runtime Environment Temurin-11.0.14.1+1 (11.0.14.1+1) (build 11.0.14.1+1)
# Java VM: OpenJDK 64-Bit Server VM Temurin-11.0.14.1+1 (11.0.14.1+1, mixed mode, tiered, compressed oops, g1 gc, bsd-amd64)
Heap:
 garbage-first heap   total 131072K, used 25911K [0x0000000780000000, 0x0000000800000000)
  region size 1024K, 18 young (18432K), 3 survivors (3072K)
 Metaspace       used 29904K, capacity 31048K, committed 31360K, reserved 1077248K
  class space    used 3714K, capacity 4213K, committed 4224K, reserved 1048576K
GC Heap History (6 events):
Event: 1.102 GC heap before
{Heap before GC invocations=0 (full 0):
 garbage-first heap   total 131072K, used 13312K [0x0000000780000000, 0x0000000800000000)
  region size 1024K, 14 young (14336K), 0 survivors (0K)
 Metaspace       used 10224K, capacity 10501K, committed 10752K, reserved 1058816K
  class space    used 1022K, capacity 1166K, committed 1280K, reserved 1048576K
}
Event: 1.106 GC heap after
{Heap after GC invocations=1 (full 0):
 garbage-first heap   total 131072K, used 2990K [0x0000000780000000, 0x0000000800000000)
  region size 1024K, 2 young (2048K), 2 survivors (2048K)
 Metaspace       used 10224K, capacity 10501K, committed 10752K, reserved 1058816K
  class space    used 1022K, capacity 1166K, committed 1280K, reserved 1048576K
}
Event: 2.334 GC heap before
{Heap before GC invocations=1 (full 0):
 garbage-first heap   total 131072K, used 25518K [0x0000000780000000, 0x0000000800000000)
  region size 1024K, 25 young (25600K), 2 survivors (2048K)
 Metaspace       used 20551K, capacity 21117K, committed 21248K, reserved 1069056K
  class space    used 2290K, capacity 2517K, committed 2560K, reserved 1048576K
}
Event: 2.348 GC heap after
{Heap after GC invocations=2 (full 0):
 garbage-first heap   total 131072K, used 6509K [0x0000000780000000, 0x0000000800000000)
  region size 1024K, 6 young (6144K), 6 survivors (6144K)
 Metaspace       used 20551K, capacity 21117K, committed 21248K, reserved 1069056K
  class space    used 2290K, capacity 2517K, committed 2560K, reserved 1048576K
}
Event: 3.430 GC heap before
{Heap before GC invocations=3 (full 0):
 garbage-first heap   total 131072K, used 32109K [0x0000000780000000, 0x0000000800000000)
  region size 1024K, 31 young (31744K), 6 survivors (6144K)
 Metaspace       used 27559K, capacity 28685K, committed 28928K, reserved 1075200K
  class space    used 3516K, capacity 4017K, committed 4096K, reserved 1048576K
}
Event: 3.453 GC heap after
{Heap after GC invocations=4 (full 0):
 garbage-first heap   total 131072K, used 9527K [0x0000000780000000, 0x0000000800000000)
  region size 1024K, 3 young (3072K), 3 survivors (3072K)
 Metaspace       used 27559K, capacity 28685K, committed 28928K, reserved 1075200K
  class space    used 3516K, capacity 4017K, committed 4096K, reserved 1048576K
}

